情報: Serverのバージョン名:     Apache Tomcat/9.0.62 [水 6月 29 18:17:12 JST 2022]
情報: Server ビルド:            Mar 31 2022 14:34:15 UTC [水 6月 29 18:17:12 JST 2022]
情報: サーバーのバージョン番号: 9.0.62.0 [水 6月 29 18:17:12 JST 2022]
情報: OS 名:                    Windows 10 [水 6月 29 18:17:12 JST 2022]
情報: OS バージョン:            10.0 [水 6月 29 18:17:12 JST 2022]
情報: アーキテクチャ:           amd64 [水 6月 29 18:17:12 JST 2022]
情報: Java Home:                C:\pleiades\2022-06\java\17 [水 6月 29 18:17:12 JST 2022]
情報: JVM バージョン:           17.0.3+7 [水 6月 29 18:17:12 JST 2022]
情報: JVM ベンダ:               Eclipse Adoptium [水 6月 29 18:17:12 JST 2022]
情報: CATALINA_BASE:            C:\LetsEngineer\curriculum\JavaStudy\.metadata\.plugins\org.eclipse.wst.server.core\tmp0 [水 6月 29 18:17:12 JST 2022]
情報: CATALINA_HOME:            C:\pleiades\2022-06\tomcat\9 [水 6月 29 18:17:12 JST 2022]
情報: コマンドライン引数:       -XX:+ShowCodeDetailsInExceptionMessages [水 6月 29 18:17:12 JST 2022]
情報: コマンドライン引数:       -agentlib:jdwp=transport=dt_socket,suspend=y,address=localhost:53093 [水 6月 29 18:17:12 JST 2022]
情報: コマンドライン引数:       -javaagent:C:\pleiades\2022-06\eclipse\configuration\org.eclipse.osgi\216\0\.cp\lib\javaagent-shaded.jar [水 6月 29 18:17:12 JST 2022]
情報: コマンドライン引数:       -Dcatalina.base=C:\LetsEngineer\curriculum\JavaStudy\.metadata\.plugins\org.eclipse.wst.server.core\tmp0 [水 6月 29 18:17:12 JST 2022]
情報: コマンドライン引数:       -Dcatalina.home=C:\pleiades\2022-06\tomcat\9 [水 6月 29 18:17:12 JST 2022]
情報: コマンドライン引数:       -Dwtp.deploy=C:\LetsEngineer\curriculum\JavaStudy\.metadata\.plugins\org.eclipse.wst.server.core\tmp0\wtpwebapps [水 6月 29 18:17:12 JST 2022]
情報: コマンドライン引数:       --add-opens=java.base/java.lang=ALL-UNNAMED [水 6月 29 18:17:12 JST 2022]
情報: コマンドライン引数:       --add-opens=java.base/java.io=ALL-UNNAMED [水 6月 29 18:17:12 JST 2022]
情報: コマンドライン引数:       --add-opens=java.base/java.util=ALL-UNNAMED [水 6月 29 18:17:12 JST 2022]
情報: コマンドライン引数:       --add-opens=java.base/java.util.concurrent=ALL-UNNAMED [水 6月 29 18:17:12 JST 2022]
情報: コマンドライン引数:       --add-opens=java.rmi/sun.rmi.transport=ALL-UNNAMED [水 6月 29 18:17:12 JST 2022]
情報: コマンドライン引数:       -Dfile.encoding=UTF-8 [水 6月 29 18:17:12 JST 2022]
情報: 商用環境に最適な性能を発揮する APR ベースの Tomcat ネイティブライブラリが java.library.path [C:\pleiades\2022-06\java\17\bin;C:\WINDOWS\Sun\Java\bin;C:\WINDOWS\system32;C:\WINDOWS;C:/pleiades/2022-06/java/17/bin/server;C:/pleiades/2022-06/java/17/bin;C:\Program Files\Common Files\Oracle\Java\javapath;C:\Program Files (x86)\Intel\iCLS Client\;C:\Program Files\Intel\iCLS Client\;C:\WINDOWS\system32;C:\WINDOWS;C:\WINDOWS\System32\Wbem;C:\WINDOWS\System32\WindowsPowerShell\v1.0\;C:\Program Files (x86)\Skype\Phone\;C:\Program Files (x86)\Intel\Intel(R) Management Engine Components\DAL;C:\Program Files\Intel\Intel(R) Management Engine Components\DAL;C:\Program Files (x86)\Intel\Intel(R) Management Engine Components\IPT;C:\Program Files\Intel\Intel(R) Management Engine Components\IPT;C:\WINDOWS\System32\OpenSSH\;C:\Program Files\Intel\WiFi\bin\;C:\Program Files\Common Files\Intel\WirelessCommon\;C:\Program Files\Java\jdk-14.0.2\bin;C:\Users\ttorubou\AppData\Local\Microsoft\WindowsApps;C:\Users\ttorubou\AppData\Local\atom\bin;C:\Users\ttorubou\Downloads\Microsoft VS Code\bin;C:\Users\ttorubou\AppData\Local\GitHubDesktop\bin;C:\Users\ttorubou\AppData\Local\Programs\Git\cmd;C:\pleiades\2022-06\eclipse;;.] に存在しません。 [水 6月 29 18:17:12 JST 2022]
情報: プロトコルハンドラ ["http-nio-8080"] を初期化します。 [水 6月 29 18:17:12 JST 2022]
情報: サーバーの初期化 [1425]ms [水 6月 29 18:17:12 JST 2022]
情報: サービス [Catalina] を起動します [水 6月 29 18:17:13 JST 2022]
情報: サーブレットエンジンの起動：[Apache Tomcat/9.0.62] [水 6月 29 18:17:13 JST 2022]
情報: プロトコルハンドラー ["http-nio-8080"] を開始しました。 [水 6月 29 18:17:14 JST 2022]
情報: サーバーの起動 [1631]ms [水 6月 29 18:17:14 JST 2022]
